[    0.000000] Linux version 4.15.0-118-generic (buildd@lgw01-amd64-039) (gcc version 7.5.0 (Ubuntu 7.5.0-3ubuntu1~18.04)) #119-Ubuntu SMP Tue Sep 8 12:30:01 UTC 2020 (Ubuntu 4.15.0-118.119-generic 4.15.18)
[    0.000000] Command line: BOOT_IMAGE=/boot/vmlinuz-4.15.0-118-generic root=LABEL=cloudimg-rootfs ro console=tty1 console=ttyS0
[    0.000000] KERNEL supported cpus:
[    0.000000]   Intel GenuineIntel
[    0.000000]   AMD AuthenticAMD
[    0.000000]   Centaur CentaurHauls
[    0.000000] x86/fpu: Supporting XSAVE feature 0x001: 'x87 floating point registers'
[    0.000000] x86/fpu: Supporting XSAVE feature 0x002: 'SSE registers'
[    0.000000] x86/fpu: Supporting XSAVE feature 0x004: 'AVX registers'
[    0.000000] x86/fpu: xstate_offset[2]:  576, xstate_sizes[2]:  256
[    0.000000] x86/fpu: Enabled xstate features 0x7, context size is 832 bytes, using 'standard' format.
[    0.000000] e820: BIOS-provided physical RAM map:
[    0.000000] BIOS-e820: [mem 0x0000000000000000-0x000000000009fbff] usable
[    0.000000] BIOS-e820: [mem 0x000000000009fc00-0x000000000009ffff] reserved
[    0.000000] BIOS-e820: [mem 0x00000000000f0000-0x00000000000fffff] reserved
[    0.000000] BIOS-e820: [mem 0x0000000000100000-0x000000001ffeffff] usable
[    0.000000] BIOS-e820: [mem 0x000000001fff0000-0x000000001fffffff] ACPI data
[    0.000000] BIOS-e820: [mem 0x00000000fec00000-0x00000000fec00fff] reserved
[    0.000000] BIOS-e820: [mem 0x00000000fee00000-0x00000000fee00fff] reserved
[    0.000000] BIOS-e820: [mem 0x00000000fffc0000-0x00000000ffffffff] reserved
[    0.000000] NX (Execute Disable) protection: active
[    0.000000] SMBIOS 2.5 present.
[    0.000000] DMI: innotek GmbH VirtualBox/VirtualBox, BIOS VirtualBox 12/01/2006
[    0.000000] Hypervisor detected: KVM
[    0.000000] e820: last_pfn = 0x1fff0 max_arch_pfn = 0x400000000
[    0.000000] MTRR: Disabled
[    0.000000] x86/PAT: MTRRs disabled, skipping PAT initialization too.
[    0.000000] CPU MTRRs all blank - virtualized system.
[    0.000000] x86/PAT: Configuration [0-7]: WB  WT  UC- UC  WB  WT  UC- UC  
[    0.000000] found SMP MP-table at [mem 0x0009fff0-0x0009ffff]
[    0.000000] Scanning 1 areas for low memory corruption
[    0.000000] RAMDISK: [mem 0x1db8c000-0x1ee50fff]
[    0.000000] ACPI: Early table checksum verification disabled
[    0.000000] ACPI: RSDP 0x00000000000E0000 000024 (v02 VBOX  )
[    0.000000] ACPI: XSDT 0x000000001FFF0030 00003C (v01 VBOX   VBOXXSDT 00000001 ASL  00000061)
[    0.000000] ACPI: FACP 0x000000001FFF00F0 0000F4 (v04 VBOX   VBOXFACP 00000001 ASL  00000061)
[    0.000000] ACPI: DSDT 0x000000001FFF0470 002325 (v02 VBOX   VBOXBIOS 00000002 INTL 20100528)
[    0.000000] ACPI: FACS 0x000000001FFF0200 000040
[    0.000000] ACPI: FACS 0x000000001FFF0200 000040
[    0.000000] ACPI: APIC 0x000000001FFF0240 000054 (v02 VBOX   VBOXAPIC 00000001 ASL  00000061)
[    0.000000] ACPI: SSDT 0x000000001FFF02A0 0001CC (v01 VBOX   VBOXCPUT 00000002 INTL 20100528)
[    0.000000] No NUMA configuration found
[    0.000000] Faking a node at [mem 0x0000000000000000-0x000000001ffeffff]
[    0.000000] NODE_DATA(0) allocated [mem 0x1ffc5000-0x1ffeffff]
[    0.000000] kvm-clock: cpu 0, msr 0:1ff44001, primary cpu clock
[    0.000000] kvm-clock: Using msrs 4b564d01 and 4b564d00
[    0.000000] kvm-clock: using sched offset of 3783910532 cycles
[    0.000000] clocksource: kvm-clock: mask: 0xffffffffffffffff max_cycles: 0x1cd42e4dffb, max_idle_ns: 881590591483 ns
[    0.000000] Zone ranges:
[    0.000000]   DMA      [mem 0x0000000000001000-0x0000000000ffffff]
[    0.000000]   DMA32    [mem 0x0000000001000000-0x000000001ffeffff]
[    0.000000]   Normal   empty
[    0.000000]   Device   empty
[    0.000000] Movable zone start for each node
[    0.000000] Early memory node ranges
[    0.000000]   node   0: [mem 0x0000000000001000-0x000000000009efff]
[    0.000000]   node   0: [mem 0x0000000000100000-0x000000001ffeffff]
[    0.000000] Reserved but unavailable: 98 pages
[    0.000000] Initmem setup node 0 [mem 0x0000000000001000-0x000000001ffeffff]
[    0.000000] ACPI: PM-Timer IO Port: 0x4008
[    0.000000] IOAPIC[0]: apic_id 1, version 32, address 0xfec00000, GSI 0-23
[    0.000000] ACPI: INT_SRC_OVR (bus 0 bus_irq 0 global_irq 2 dfl dfl)
[    0.000000] ACPI: INT_SRC_OVR (bus 0 bus_irq 9 global_irq 9 low level)
[    0.000000] Using ACPI (MADT) for SMP configuration information
[    0.000000] smpboot: Allowing 1 CPUs, 0 hotplug CPUs
[    0.000000] PM: Registered nosave memory: [mem 0x00000000-0x00000fff]
[    0.000000] PM: Registered nosave memory: [mem 0x0009f000-0x0009ffff]
[    0.000000] PM: Registered nosave memory: [mem 0x000a0000-0x000effff]
[    0.000000] PM: Registered nosave memory: [mem 0x000f0000-0x000fffff]
[    0.000000] e820: [mem 0x20000000-0xfebfffff] available for PCI devices
[    0.000000] Booting paravirtualized kernel on KVM
[    0.000000] clocksource: refined-jiffies: mask: 0xffffffff max_cycles: 0xffffffff, max_idle_ns: 7645519600211568 ns
[    0.000000] random: get_random_bytes called from start_kernel+0x99/0x500 with crng_init=0
[    0.000000] setup_percpu: NR_CPUS:8192 nr_cpumask_bits:1 nr_cpu_ids:1 nr_node_ids:1
[    0.000000] percpu: Embedded 45 pages/cpu s147456 r8192 d28672 u2097152
[    0.000000] PV qspinlock hash table entries: 256 (order: 0, 4096 bytes)
[    0.000000] Built 1 zonelists, mobility grouping on.  Total pages: 128889
[    0.000000] Policy zone: DMA32
[    0.000000] Kernel command line: BOOT_IMAGE=/boot/vmlinuz-4.15.0-118-generic root=LABEL=cloudimg-rootfs ro console=tty1 console=ttyS0
[    0.000000] Memory: 467112K/523832K available (12300K kernel code, 2482K rwdata, 4272K rodata, 2436K init, 2724K bss, 56720K reserved, 0K cma-reserved)
[    0.000000] SLUB: HWalign=64, Order=0-3, MinObjects=0, CPUs=1, Nodes=1
[    0.000000] Kernel/User page tables isolation: enabled
[    0.000000] ftrace: allocating 39396 entries in 154 pages
[    0.004000] Hierarchical RCU implementation.
[    0.004000] 	RCU restricting CPUs from NR_CPUS=8192 to nr_cpu_ids=1.
[    0.004000] 	Tasks RCU enabled.
[    0.004000] RCU: Adjusting geometry for rcu_fanout_leaf=16, nr_cpu_ids=1
[    0.004000] NR_IRQS: 524544, nr_irqs: 256, preallocated irqs: 16
[    0.004000] Console: colour VGA+ 80x25
[    0.004000] console [tty1] enabled
[    0.004000] console [ttyS0] enabled
[    0.004000] ACPI: Core revision 20170831
[    0.004000] ACPI: 2 ACPI AML tables successfully acquired and loaded
[    0.004000] APIC: Switch to symmetric I/O mode setup
[    0.004000] x2apic enabled
[    0.004000] Switched APIC routing to physical x2apic.
[    0.004000] ..TIMER: vector=0x30 apic1=0 pin1=2 apic2=-1 pin2=-1
[    0.004003] tsc: Detected 2208.000 MHz processor
[    0.004769] Calibrating delay loop (skipped) preset value.. 4416.00 BogoMIPS (lpj=8832000)
[    0.005357] pid_max: default: 32768 minimum: 301
[    0.006143] Security Framework initialized
[    0.008001] Yama: becoming mindful.
[    0.008610] AppArmor: AppArmor initialized
[    0.009357] Dentry cache hash table entries: 65536 (order: 7, 524288 bytes)
[    0.010524] Inode-cache hash table entries: 32768 (order: 6, 262144 bytes)
[    0.012011] Mount-cache hash table entries: 1024 (order: 1, 8192 bytes)
[    0.013098] Mountpoint-cache hash table entries: 1024 (order: 1, 8192 bytes)
[    0.014438] process: using mwait in idle threads
[    0.015405] Last level iTLB entries: 4KB 64, 2MB 8, 4MB 8
[    0.016002] Last level dTLB entries: 4KB 64, 2MB 0, 4MB 0, 1GB 4
[    0.016989] Spectre V1 : Mitigation: usercopy/swapgs barriers and __user pointer sanitization
[    0.018387] Spectre V2 : Mitigation: Full generic retpoline
[    0.020001] Spectre V2 : Spectre v2 / SpectreRSB mitigation: Filling RSB on context switch
[    0.021350] Speculative Store Bypass: Vulnerable
[    0.022155] SRBDS: Unknown: Dependent on hypervisor status
[    0.023059] MDS: Mitigation: Clear CPU buffers
[    0.034778] Freeing SMP alternatives memory: 36K
[    0.146029] smpboot: CPU0: Intel(R) Core(TM) i7-8750H CPU @ 2.20GHz (family: 0x6, model: 0x9e, stepping: 0xa)
[    0.147721] Performance Events: unsupported p6 CPU model 158 no PMU driver, software events only.
[    0.148000] Hierarchical SRCU implementation.
[    0.148128] NMI watchdog: Perf event create on CPU 0 failed with -2
[    0.149164] NMI watchdog: Perf NMI watchdog permanently disabled
[    0.150172] smp: Bringing up secondary CPUs ...
[    0.150930] smp: Brought up 1 node, 1 CPU
[    0.151743] smpboot: Max logical packages: 1
[    0.152003] smpboot: Total of 1 processors activated (4416.00 BogoMIPS)
[    0.153188] devtmpfs: initialized
[    0.154049] x86/mm: Memory block size: 128MB
[    0.154985] evm: security.selinux
[    0.156007] evm: security.SMACK64
[    0.156678] evm: security.SMACK64EXEC
[    0.157581] evm: security.SMACK64TRANSMUTE
[    0.158267] evm: security.SMACK64MMAP
[    0.158890] evm: security.apparmor
[    0.159473] evm: security.ima
[    0.160002] evm: security.capability
[    0.160708] clocksource: jiffies: mask: 0xffffffff max_cycles: 0xffffffff, max_idle_ns: 7645041785100000 ns
[    0.162290] futex hash table entries: 256 (order: 2, 16384 bytes)
[    0.163318] pinctrl core: initialized pinctrl subsystem
[    0.164074] RTC time:  8:39:33, date: 10/14/20
[    0.164882] NET: Registered protocol family 16
[    0.165672] audit: initializing netlink subsys (disabled)
[    0.166642] cpuidle: using governor ladder
[    0.167332] cpuidle: using governor menu
[    0.168031] ACPI: bus type PCI registered
[    0.168722] acpiphp: ACPI Hot Plug PCI Controller Driver version: 0.5
[    0.169839] PCI: Using configuration type 1 for base access
[    0.170770] audit: type=2000 audit(1602664778.731:1): state=initialized audit_enabled=0 res=1
[    0.172687] HugeTLB registered 2.00 MiB page size, pre-allocated 0 pages
[    0.173883] ACPI: Added _OSI(Module Device)
[    0.174587] ACPI: Added _OSI(Processor Device)
[    0.176004] ACPI: Added _OSI(3.0 _SCP Extensions)
[    0.176997] ACPI: Added _OSI(Processor Aggregator Device)
[    0.177900] ACPI: Added _OSI(Linux-Dell-Video)
[    0.178654] ACPI: Added _OSI(Linux-Lenovo-NV-HDMI-Audio)
[    0.179538] ACPI: Added _OSI(Linux-HPI-Hybrid-Graphics)
[    0.180324] ACPI: Executed 1 blocks of module-level executable AML code
[    0.185200] ACPI: Interpreter enabled
[    0.186147] ACPI: (supports S0 S5)
[    0.186885] ACPI: Using IOAPIC for interrupt routing
[    0.188000] PCI: Using host bridge windows from ACPI; if necessary, use "pci=nocrs" and report a bug
[    0.188162] ACPI: Enabled 2 GPEs in block 00 to 07
[    0.196655] ACPI: PCI Root Bridge [PCI0] (domain 0000 [bus 00-ff])
[    0.198240] acpi PNP0A03:00: _OSC: OS supports [ASPM ClockPM Segments MSI]
[    0.199910] acpi PNP0A03:00: _OSC: not requesting OS control; OS requires [ExtendedConfig ASPM ClockPM MSI]
[    0.200008] acpi PNP0A03:00: fail to add MMCONFIG information, can't access extended PCI configuration space under this bridge.
[    0.202226] PCI host bridge to bus 0000:00
[    0.204002] pci_bus 0000:00: root bus resource [io  0x0000-0x0cf7 window]
[    0.205108] pci_bus 0000:00: root bus resource [io  0x0d00-0xffff window]
[    0.206202] pci_bus 0000:00: root bus resource [mem 0x000a0000-0x000bffff window]
[    0.207438] pci_bus 0000:00: root bus resource [mem 0x20000000-0xfdffffff window]
[    0.208002] pci_bus 0000:00: root bus resource [bus 00-ff]
[    0.212152] pci 0000:00:01.1: legacy IDE quirk: reg 0x10: [io  0x01f0-0x01f7]
[    0.213423] pci 0000:00:01.1: legacy IDE quirk: reg 0x14: [io  0x03f6]
[    0.214478] pci 0000:00:01.1: legacy IDE quirk: reg 0x18: [io  0x0170-0x0177]
[    0.216000] pci 0000:00:01.1: legacy IDE quirk: reg 0x1c: [io  0x0376]
[    0.225366] pci 0000:00:07.0: quirk: [io  0x4000-0x403f] claimed by PIIX4 ACPI
[    0.227029] pci 0000:00:07.0: quirk: [io  0x4100-0x410f] claimed by PIIX4 SMB
[    0.233936] ACPI: PCI Interrupt Link [LNKA] (IRQs 5 9 10 *11)
[    0.235702] ACPI: PCI Interrupt Link [LNKB] (IRQs 5 9 *10 11)
[    0.236115] ACPI: PCI Interrupt Link [LNKC] (IRQs 5 *9 10 11)
[    0.237405] ACPI: PCI Interrupt Link [LNKD] (IRQs 5 9 10 *11)
[    0.238928] SCSI subsystem initialized
[    0.240107] pci 0000:00:02.0: vgaarb: setting as boot VGA device
[    0.241110] pci 0000:00:02.0: vgaarb: VGA device added: decodes=io+mem,owns=io+mem,locks=none
[    0.242582] pci 0000:00:02.0: vgaarb: bridge control possible
[    0.243535] vgaarb: loaded
[    0.244041] ACPI: bus type USB registered
[    0.245126] usbcore: registered new interface driver usbfs
[    0.246043] usbcore: registered new interface driver hub
[    0.246923] usbcore: registered new device driver usb
[    0.248050] EDAC MC: Ver: 3.0.0
[    0.248896] PCI: Using ACPI for IRQ routing
[    0.249902] NetLabel: Initializing
[    0.250503] NetLabel:  domain hash size = 128
[    0.251237] NetLabel:  protocols = UNLABELED CIPSOv4 CALIPSO
[    0.252030] NetLabel:  unlabeled traffic allowed by default
[    0.253139] clocksource: Switched to clocksource kvm-clock
[    0.264043] VFS: Disk quotas dquot_6.6.0
[    0.265313] VFS: Dquot-cache hash table entries: 512 (order 0, 4096 bytes)
[    0.266980] AppArmor: AppArmor Filesystem Enabled
[    0.268233] pnp: PnP ACPI init
[    0.270206] pnp: PnP ACPI: found 3 devices
[    0.276699] clocksource: acpi_pm: mask: 0xffffff max_cycles: 0xffffff, max_idle_ns: 2085701024 ns
[    0.278859] NET: Registered protocol family 2
[    0.279876] TCP established hash table entries: 4096 (order: 3, 32768 bytes)
[    0.281200] TCP bind hash table entries: 4096 (order: 4, 65536 bytes)
[    0.282316] TCP: Hash tables configured (established 4096 bind 4096)
[    0.283473] UDP hash table entries: 256 (order: 1, 8192 bytes)
[    0.284906] UDP-Lite hash table entries: 256 (order: 1, 8192 bytes)
[    0.285952] NET: Registered protocol family 1
[    0.286696] pci 0000:00:00.0: Limiting direct PCI/PCI transfers
[    0.287723] pci 0000:00:01.0: Activating ISA DMA hang workarounds
[    0.288795] pci 0000:00:02.0: Video device with shadowed ROM at [mem 0x000c0000-0x000dffff]
[    0.290372] Unpacking initramfs...
[    0.576416] Freeing initrd memory: 19220K
[    0.577480] clocksource: tsc: mask: 0xffffffffffffffff max_cycles: 0x1fd3b81b95f, max_idle_ns: 440795257325 ns
[    0.579686] platform rtc_cmos: registered platform RTC device (no PNP device found)
[    0.581554] Scanning for low memory corruption every 60 seconds
[    0.583334] Initialise system trusted keyrings
[    0.584386] Key type blacklist registered
[    0.585320] workingset: timestamp_bits=36 max_order=17 bucket_order=0
[    0.587526] zbud: loaded
[    0.588350] squashfs: version 4.0 (2009/01/31) Phillip Lougher
[    0.590031] fuse init (API version 7.26)
[    0.591620] Key type asymmetric registered
[    0.592589] Asymmetric key parser 'x509' registered
[    0.593689] Block layer SCSI generic (bsg) driver version 0.4 loaded (major 246)
[    0.595349] io scheduler noop registered
[    0.596275] io scheduler deadline registered
[    0.597264] io scheduler cfq registered (default)
[    0.598746] ACPI: AC Adapter [AC] (off-line)
[    0.599829] input: Power Button as /devices/LNXSYSTM:00/LNXPWRBN:00/input/input0
[    0.601670] ACPI: Power Button [PWRF]
[    0.602635] input: Sleep Button as /devices/LNXSYSTM:00/LNXSLPBN:00/input/input1
[    0.604322] ACPI: Sleep Button [SLPF]
[    0.606693] ACPI: Battery Slot [BAT0] (battery present)
[    0.607950] Serial: 8250/16550 driver, 32 ports, IRQ sharing enabled
[    0.631449] 00:02: ttyS0 at I/O 0x3f8 (irq = 4, base_baud = 115200) is a 16550A
[    0.637108] Linux agpgart interface v0.103
[    0.638913] loop: module loaded
[    0.640505] scsi host0: ata_piix
[    0.641677] scsi host1: ata_piix
[    0.642580] ata1: PATA max UDMA/33 cmd 0x1f0 ctl 0x3f6 bmdma 0xd000 irq 14
[    0.644048] ata2: PATA max UDMA/33 cmd 0x170 ctl 0x376 bmdma 0xd008 irq 15
[    0.646797] libphy: Fixed MDIO Bus: probed
[    0.647977] tun: Universal TUN/TAP device driver, 1.6
[    0.649473] PPP generic driver version 2.4.2
[    0.650721] ehci_hcd: USB 2.0 'Enhanced' Host Controller (EHCI) Driver
[    0.652229] ehci-pci: EHCI PCI platform driver
[    0.653304] ehci-platform: EHCI generic platform driver
[    0.654454] ohci_hcd: USB 1.1 'Open' Host Controller (OHCI) Driver
[    0.655789] ohci-pci: OHCI PCI platform driver
[    0.656798] ohci-platform: OHCI generic platform driver
[    0.657942] uhci_hcd: USB Universal Host Controller Interface driver
[    0.659359] i8042: PNP: PS/2 Controller [PNP0303:PS2K,PNP0f03:PS2M] at 0x60,0x64 irq 1,12
[    0.661645] serio: i8042 KBD port at 0x60,0x64 irq 1
[    0.662756] serio: i8042 AUX port at 0x60,0x64 irq 12
[    0.663924] mousedev: PS/2 mouse device common for all mice
[    0.665369] input: AT Translated Set 2 keyboard as /devices/platform/i8042/serio0/input/input2
[    0.667644] rtc_cmos rtc_cmos: rtc core: registered rtc_cmos as rtc0
[    0.669083] rtc_cmos rtc_cmos: alarms up to one day, 114 bytes nvram
[    0.670470] i2c /dev entries driver
[    0.671363] device-mapper: uevent: version 1.0.3
[    0.672488] device-mapper: ioctl: 4.37.0-ioctl (2017-09-20) initialised: dm-devel@redhat.com
[    0.674316] ledtrig-cpu: registered to indicate activity on CPUs
[    0.675758] intel_pmc_core:  initialized
[    0.676848] NET: Registered protocol family 10
[    0.680684] Segment Routing with IPv6
[    0.681972] NET: Registered protocol family 17
[    0.683336] Key type dns_resolver registered
[    0.684777] mce: Using 0 MCE banks
[    0.685556] RAS: Correctable Errors collector initialized.
[    0.686743] sched_clock: Marking stable (684660126, 0)->(819063907, -134403781)
[    0.688580] registered taskstats version 1
[    0.689522] Loading compiled-in X.509 certificates
[    0.692673] Loaded X.509 cert 'Build time autogenerated kernel key: 12f2d460e247d21dc5d156478bb7d4abc0f5a070'
[    0.695505] zswap: loaded using pool lzo/zbud
[    0.699264] Key type big_key registered
[    0.700551] Key type trusted registered
[    0.702570] Key type encrypted registered
[    0.703507] AppArmor: AppArmor sha1 policy hashing enabled
[    0.704825] ima: No TPM chip found, activating TPM-bypass! (rc=-19)
[    0.706473] ima: Allocated hash algorithm: sha1
[    0.707480] evm: HMAC attrs: 0x1
[    0.709062]   Magic number: 8:57:675
[    0.709933] vtconsole vtcon0: hash matches
[    0.710893] rtc_cmos rtc_cmos: setting system clock to 2020-10-14 08:39:33 UTC (1602664773)
[    0.712830] BIOS EDD facility v0.16 2004-Jun-25, 0 devices found
[    0.714120] EDD information not available.
[    0.830926] Freeing unused kernel image memory: 2436K
[    0.840573] Write protecting the kernel read-only data: 20480k
[    0.844094] Freeing unused kernel image memory: 2008K
[    0.846029] Freeing unused kernel image memory: 1872K
[    0.854889] x86/mm: Checked W+X mappings: passed, no W+X pages found.
[    0.857113] x86/mm: Checking user space page tables
[    0.864147] x86/mm: Checked W+X mappings: passed, no W+X pages found.
Loading, please wait...
starting version 237
[    0.959458] e1000: Intel(R) PRO/1000 Network Driver - version 7.3.21-k8-NAPI
[    0.961426] e1000: Copyright (c) 1999-2006 Intel Corporation.
[    0.972981] Fusion MPT base driver 3.04.20
[    0.974301] Copyright (c) 1999-2008 LSI Corporation
[    0.997449] Fusion MPT SPI Host driver 3.04.20
[    1.012111] AVX2 version of gcm_enc/dec engaged.
[    1.013892] AES CTR mode by8 optimization enabled
[    1.183095] input: ImExPS/2 Generic Explorer Mouse as /devices/platform/i8042/serio1/input/input4
[    1.422597] e1000 0000:00:03.0 eth0: (PCI:33MHz:32-bit) 02:7d:29:b6:4b:3c
[    1.424494] e1000 0000:00:03.0 eth0: Intel(R) PRO/1000 Network Connection
[    1.426726] mptbase: ioc0: Initiating bringup
[    1.520755] ioc0: LSI53C1030 A0: Capabilities={Initiator}
[    1.762838] scsi host2: ioc0: LSI53C1030 A0, FwRev=00000000h, Ports=1, MaxQ=256, IRQ=20
[    1.933087] scsi 2:0:0:0: Direct-Access     VBOX     HARDDISK         1.0  PQ: 0 ANSI: 5
[    1.937587] scsi target2:0:0: Beginning Domain Validation
[    1.940613] scsi target2:0:0: Domain Validation skipping write tests
[    1.942145] scsi target2:0:0: Ending Domain Validation
[    1.943332] scsi target2:0:0: asynchronous
[    1.944468] random: fast init done
[    1.945439] scsi 2:0:1:0: Direct-Access     VBOX     HARDDISK         1.0  PQ: 0 ANSI: 5
[    1.947235] scsi target2:0:1: Beginning Domain Validation
[    1.949100] scsi target2:0:1: Domain Validation skipping write tests
[    1.950525] scsi target2:0:1: Ending Domain Validation
[    1.951707] scsi target2:0:1: asynchronous
[    1.956457] random: systemd-udevd: uninitialized urandom read (16 bytes read)
[    1.957996] random: systemd-udevd: uninitialized urandom read (16 bytes read)
[    1.959975] random: systemd-udevd: uninitialized urandom read (16 bytes read)
[    1.962191] sd 2:0:0:0: Attached scsi generic sg0 type 0
[    1.963520] sd 2:0:0:0: [sda] 20971520 512-byte logical blocks: (10.7 GB/10.0 GiB)
[    1.965373] sd 2:0:0:0: [sda] Write Protect is off
[    1.966791] sd 2:0:0:0: [sda] Incomplete mode parameter data
[    1.968057] sd 2:0:0:0: [sda] Assuming drive cache: write through
[    1.969947] sd 2:0:1:0: Attached scsi generic sg1 type 0
[    1.971348] sd 2:0:1:0: [sdb] 20480 512-byte logical blocks: (10.5 MB/10.0 MiB)
[    1.972954] sd 2:0:1:0: [sdb] Write Protect is off
[    1.978504] sd 2:0:1:0: [sdb] Incomplete mode parameter data
[    1.980540] sd 2:0:1:0: [sdb] Assuming drive cache: write through
[    1.982491]  sda: sda1
[    1.983434] sd 2:0:0:0: [sda] Attached SCSI disk
[    2.030826] sd 2:0:1:0: [sdb] Attached SCSI disk
[    2.348945] e1000 0000:00:08.0 eth1: (PCI:33MHz:32-bit) 08:00:27:96:0f:e7
[    2.352555] e1000 0000:00:08.0 eth1: Intel(R) PRO/1000 Network Connection
[    2.355714] e1000 0000:00:08.0 enp0s8: renamed from eth1
[    2.358660] e1000 0000:00:03.0 enp0s3: renamed from eth0
Begin: Loading essential drivers ... [    3.704156] raid6: sse2x1   gen() 13968 MB/s
[    3.754170] raid6: sse2x1   xor()  9820 MB/s
[    3.808867] raid6: sse2x2   gen() 17326 MB/s
[    3.858932] raid6: sse2x2   xor() 11472 MB/s
[    3.912575] raid6: sse2x4   gen() 18809 MB/s
[    3.968265] raid6: sse2x4   xor() 14627 MB/s
[    4.018287] raid6: avx2x1   gen() 27200 MB/s
[    4.071442] raid6: avx2x1   xor() 19962 MB/s
[    4.120099] raid6: avx2x2   gen() 29490 MB/s
[    4.171442] raid6: avx2x2   xor() 21827 MB/s
[    4.220008] raid6: avx2x4   gen() 37047 MB/s
[    4.273319] raid6: avx2x4   xor() 25048 MB/s
[    4.274569] raid6: using algorithm avx2x4 gen() 37047 MB/s
[    4.275720] raid6: .... xor() 25048 MB/s, rmw enabled
[    4.276569] raid6: using avx2x2 recovery algorithm
[    4.278815] xor: automatically using best checksumming function   avx       
[    4.281316] async_tx: api initialized (async)
done.
Begin: Running /scripts/init-premount ... done.
Begin: Mounting root file system ... Begin: Running /scripts/local-top ... done.
Begin: Running /scripts/local-premount ... [    4.322403] Btrfs loaded, crc32c=crc32c-intel
Scanning for Btrfs filesystems
done.
Warning: fsck not present, so skipping root file system
[    4.339465] EXT4-fs (sda1): mounted filesystem with ordered data mode. Opts: (null)
done.
Begin: Running /scripts/local-bottom ... done.
Begin: Running /scripts/init-bottom ... done.
[    4.456308] ip_tables: (C) 2000-2006 Netfilter Core Team
[    4.462163] systemd[1]: systemd 237 running in system mode. (+PAM +AUDIT +SELINUX +IMA +APPARMOR +SMACK +SYSVINIT +UTMP +LIBCRYPTSETUP +GCRYPT +GNUTLS +ACL +XZ +LZ4 +SECCOMP +BLKID +ELFUTILS +KMOD -IDN2 +IDN -PCRE2 default-hierarchy=hybrid)
[    4.466282] systemd[1]: Detected virtualization oracle.
[    4.467287] systemd[1]: Detected architecture x86-64.

Welcome to [1mUbuntu 18.04.5 LTS[0m!

[    4.480881] systemd[1]: Set hostname to <ubuntu>.
[    4.485019] systemd[1]: Initializing machine ID from random generator.
[    4.486458] systemd[1]: Installed transient /etc/machine-id file.
[    4.662392] systemd[1]: Started Forward Password Requests to Wall Directory Watch.
[[0;32m  OK  [0m] Started Forward Password Requests to Wall Directory Watch.
[    4.664618] systemd[1]: Reached target System Time Synchronized.
[[0;32m  OK  [0m] Reached target System Time Synchronized.
[    4.666452] systemd[1]: Reached target Swap.
[[0;32m  OK  [0m] Reached target Swap.
[    4.668263] systemd[1]: Created slice System Slice.
[[0;32m  OK  [0m] Created slice System Slice.
[[0;32m  OK  [0m] Listening on /dev/initctl Compatibility Named Pipe.
[[0;32m  OK  [0m] Listening on udev Kernel Socket.
[[0;32m  OK  [0m] Listening on Journal Audit Socket.
[[0;32m  OK  [0m] Listening on udev Control Socket.
[[0;32m  OK  [0m] Listening on Network Service Netlink Socket.
[[0;32m  OK  [0m] Listening on Journal Socket (/dev/log).
[[0;32m  OK  [0m] Listening on Device-mapper event daemon FIFOs.
[[0;32m  OK  [0m] Listening on Syslog Socket.
[[0;32m  OK  [0m] Created slice system-serial\x2dgetty.slice.
[[0;32m  OK  [0m] Set up automount Arbitrary Executab…rmats File System Automount Point.
[[0;32m  OK  [0m] Listening on Journal Socket.
         Starting Create list of required st…ce nodes for the current kernel...
         Mounting Huge Pages File System...
         Mounting Kernel Debug File System...
         Starting Remount Root and Kernel File Systems...
         Starting Set the console keyboard layout...
[[0;32m  OK  [0m] Created slice User and Session Slice.
[    4.778968] EXT4-fs (sda1): re-mounted. Opts: (null)
[[0;32m  OK  [0m] Reached target Slices.
         Starting Load Kernel Modules...
[[0;32m  OK  [0m] Listening on LVM2 metadata daemon socket.
         Starting Monitoring of LVM2 mirrors…ng dmeventd or progress polling...
[    4.809901] Loading iSCSI transport class v2.0-870.
[    4.815603] iscsi: registered transport (tcp)
         Starting udev Coldplug all Devices...
[[0;32m  OK  [0m] Listening on LVM2 poll daemon socket.
         Starting Journal Service...
[[0;32m  OK  [0m] Reached target User and Group Name Lookups.
[    4.836230] iscsi: registered transport (iser)
         Starting Uncomplicated firewall...
         Mounting POSIX Message Queue File System...
[[0;32m  OK  [0m] Started Create list of required sta…vice nodes for the current kernel.
[[0;32m  OK  [0m] Mounted Huge Pages File System.
[[0;32m  OK  [0m] Mounted Kernel Debug File System.
[[0;32m  OK  [0m] Started Remount Root and Kernel File Systems.
[[0;32m  OK  [0m] Started Load Kernel Modules.
[[0;32m  OK  [0m] Mounted POSIX Message Queue File System.
         Starting Apply Kernel Variables...
         Mounting FUSE Control File System...
         Mounting Kernel Configuration File System...
         Starting Load/Save Random Seed...
         Starting Create Static Device Nodes in /dev...
[[0;32m  OK  [0m] Started Uncomplicated firewall.
[[0;32m  OK  [0m] Mounted FUSE Control File System.
[[0;32m  OK  [0m] Started Apply Kernel Variables.
[[0;32m  OK  [0m] Mounted Kernel Configuration File System.
[[0;32m  OK  [0m] Started Load/Save Random Seed.
[[0;32m  OK  [0m] Started Create Static Device Nodes in /dev.
[[0;32m  OK  [0m] Started LVM2 metadata daemon.
         Starting udev Kernel Device Manager...
[[0;32m  OK  [0m] Started Journal Service.
         Starting Flush Journal to Persistent Storage...
[[0;32m  OK  [0m] Started udev Kernel Device Manager.
[[0;32m  OK  [0m] Started Monitoring of LVM2 mirrors,…sing dmeventd or progress polling.
[[0;32m  OK  [0m] Started udev Coldplug all Devices.
[[0;32m  OK  [0m] Started Set the console keyboard layout.
[[0;32m  OK  [0m] Started Flush Journal to Persistent Storage.
[[0;32m  OK  [0m] Started Dispatch Password Requests to Console Directory Watch.
[[0;32m  OK  [0m] Reached target Local Encrypted Volumes.
[[0;32m  OK  [0m] Reached target Local File Systems (Pre).
[[0;32m  OK  [0m] Reached target Local File Systems.
         Starting Tell Plymouth To Write Out Runtime Data...
         Starting Set console font and keymap...
         Starting AppArmor initialization...
         Starting Create Volatile Files and Directories...
         Starting Commit a transient machine-id on disk...
         Starting ebtables ruleset management...
[[0;32m  OK  [0m] Started Tell Plymouth To Write Out Runtime Data.
[[0;32m  OK  [0m] Started Set console font and keymap.
[[0;32m  OK  [0m] Started Commit a transient machine-id on disk.
[[0;32m  OK  [0m] Started Create Volatile Files and Directories.
         Starting Update UTMP about System Boot/Shutdown...
[[0;32m  OK  [0m] Started Update UTMP about System Boot/Shutdown.
[[0;32m  OK  [0m] Started ebtables ruleset management.
[[0;32m  OK  [0m] Found device /dev/ttyS0.
[[0;32m  OK  [0m] Listening on Load/Save RF Kill Switch Status /dev/rfkill Watch.
[[0;32m  OK  [0m] Started AppArmor initialization.
         Starting Load AppArmor profiles managed internally by snapd...
         Starting Initial cloud-init job (pre-networking)...
[[0;32m  OK  [0m] Started Load AppArmor profiles managed internally by snapd.
[    7.018434] cloud-init[559]: Cloud-init v. 20.3-2-g371b392c-0ubuntu1~18.04.1 running 'init-local' at Wed, 14 Oct 2020 08:39:39 +0000. Up 6.72 seconds.
[[0;32m  OK  [0m] Started Initial cloud-init job (pre-networking).
[[0;32m  OK  [0m] Reached target Network (Pre).
         Starting Network Service...
[[0;32m  OK  [0m] Started Network Service.
         Starting Network Name Resolution...
         Starting Wait for Network to be Configured...
[[0;32m  OK  [0m] Started Network Name Resolution.
[[0;32m  OK  [0m] Reached target Host and Network Name Lookups.
[[0;32m  OK  [0m] Reached target Network.
[[0;32m  OK  [0m] Started Wait for Network to be Configured.
         Starting Initial cloud-init job (metadata service crawler)...
[    8.885944] cloud-init[649]: Cloud-init v. 20.3-2-g371b392c-0ubuntu1~18.04.1 running 'init' at Wed, 14 Oct 2020 08:39:41 +0000. Up 8.77 seconds.
[    8.896141] cloud-init[649]: ci-info: ++++++++++++++++++++++++++++++++++++++Net device info+++++++++++++++++++++++++++++++++++++++
[    8.912631] cloud-init[649]: ci-info: +--------+-------+----------------------------+---------------+--------+-------------------+
[    8.924235] cloud-init[649]: ci-info: | Device |   Up  |          Address           |      Mask     | Scope  |     Hw-Address    |
[    8.936214] cloud-init[649]: ci-info: +--------+-------+----------------------------+---------------+--------+-------------------+
[    8.948255] cloud-init[649]: ci-info: | enp0s3 |  True |         10.0.2.15          | 255.255.255.0 | global | 02:7d:29:b6:4b:3c |
[    8.961116] cloud-init[649]: ci-info: | enp0s3 |  True | fe80::7d:29ff:feb6:4b3c/64 |       .       |  link  | 02:7d:29:b6:4b:3c |
[    8.962283] cloud-init[649]: ci-info: | enp0s8 | False |             .              |       .       |   .    | 08:00:27:96:0f:e7 |
[    8.964282] cloud-init[649]: ci-info: |   lo   |  True |         127.0.0.1          |   255.0.0.0   |  host  |         .         |
[    8.966400] cloud-init[649]: ci-info: |   lo   |  True |          ::1/128           |       .       |  host  |         .         |
[    8.979847] cloud-init[649]: ci-info: +--------+-------+----------------------------+---------------+--------+-------------------+
[    8.981852] cloud-init[649]: ci-info: ++++++++++++++++++++++++++++Route IPv4 info+++++++++++++++++++++++++++++
[    8.983226] cloud-init[649]: ci-info: +-------+-------------+----------+-----------------+-----------+-------+
[    8.992504] cloud-init[649]: ci-info: | Route | Destination | Gateway  |     Genmask     | Interface | Flags |
[    8.994375] cloud-init[649]: ci-info: +-------+-------------+----------+-----------------+-----------+-------+
[    9.004177] cloud-init[649]: ci-info: |   0   |   0.0.0.0   | 10.0.2.2 |     0.0.0.0     |   enp0s3  |   UG  |
[    9.016140] cloud-init[649]: ci-info: |   1   |   10.0.2.0  | 0.0.0.0  |  255.255.255.0  |   enp0s3  |   U   |
[    9.028354] cloud-init[649]: ci-info: |   2   |   10.0.2.2  | 0.0.0.0  | 255.255.255.255 |   enp0s3  |   UH  |
[    9.029609] cloud-init[649]: ci-info: +-------+-------------+----------+-----------------+-----------+-------+
[    9.031280] cloud-init[649]: ci-info: +++++++++++++++++++Route IPv6 info+++++++++++++++++++
[    9.032781] cloud-init[649]: ci-info: +-------+-------------+---------+-----------+-------+
[    9.034241] cloud-init[649]: ci-info: | Route | Destination | Gateway | Interface | Flags |
[    9.036286] cloud-init[649]: ci-info: +-------+-------------+---------+-----------+-------+
[    9.038302] cloud-init[649]: ci-info: |   1   |  fe80::/64  |    ::   |   enp0s3  |   U   |
[    9.040157] cloud-init[649]: ci-info: |   3   |    local    |    ::   |   enp0s3  |   U   |
[    9.041935] cloud-init[649]: ci-info: |   4   |   ff00::/8  |    ::   |   enp0s3  |   U   |
[    9.043753] cloud-init[649]: ci-info: +-------+-------------+---------+-----------+-------+
[    9.452292] cloud-init[649]: Generating public/private rsa key pair.
[    9.465834] cloud-init[649]: Your identification has been saved in /etc/ssh/ssh_host_rsa_key.
[    9.466595] cloud-init[649]: Your public key has been saved in /etc/ssh/ssh_host_rsa_key.pub.
[    9.476216] cloud-init[649]: The key fingerprint is:
[    9.489535] cloud-init[649]: SHA256:JMuRHvsfCDLS6pykkkmWyA2AWuvnRjycx9Y7HQcoAsI root@ubuntu-bionic
[[0;32m  OK  [0m] Started Initial cloud-init job (metadata service crawler).
[[0;32m  OK  [0m] Reached target Cloud-config availability.
[[0;32m  OK  [0m] Reached target System Initialization.
[[0;32m  OK  [0m] Listening on UUID daemon activation socket.
[[0;32m  OK  [0m] Started Daily Cleanup of Temporary Directories.
[[0;32m  OK  [0m] Started Daily apt download activities.
[[0;32m  OK  [0m] Listening on ACPID Listen Socket.
[[0;32m  OK  [0m] Listening on Open-iSCSI iscsid Socket.
[    9.503881]          Starting LXD - unix socket.
[[0;32m  OK  [0m] Started Discard unused blocks once a week.
cloud-init[649]: The key's randomart image is:
         Starting Socket activation for snappy daemon.
[[0;32m  OK  [0m] Started Daily apt upgrade and clean activities.
[[0;32m  OK  [0m] Listening on D-Bus System Message Bus Socket.
[[0;32m  OK  [0m] Started Message of the Day.
[    9.596958] cloud-init[649]: [[0;32m  OK  [0m] Reached target Timers.
+---[RSA 2048]----+
[[0;32m  OK  [0m] Started ACPI Events Check.
[[0;32m  OK  [0m] Reached target Paths.
[[0;32m  OK  [0m] Reached target Network is Online.
[    9.603480] cloud-init[649]: |o                |
[    9.604547] cloud-init[649]: |+Eo    .         |
         Starting Availability of block devices...
[    9.607476] cloud-init[649]: [[0;32m  OK  [0m] Reached target Remote File Systems (Pre).
[[0;32m  OK  [0m] Reached target Remote File Systems.
[[0;32m  OK  [0m] Listening on LXD - unix socket.
[[0;32m  OK  [0m] Listening on Socket activation for snappy daemon.
|oo o  = ..       |
[    9.612974] cloud-init[649]: |.....o.B. .      |
[    9.613988] cloud-init[649]: |o.=o++*oS  .     |
[[0;32m  OK  [0m] Reached target Sockets.
[[0;32m  OK  [0m] Reached target Basic System.
[    9.627438]          Starting Dispatcher daemon for systemd-networkd...
         Starting Virtualbox guest utils...
[[0;32m  OK  [0m] Started D-Bus System Message Bus.
cloud-init[649]: |.=.+Bo+o... .    |
[    9.658548] cloud-init[649]: |ooo+ +  oo.o     |
[    9.672312] cloud-init[649]: |+= .o   o...     |
[    9.684241] cloud-init[649]: |o +.     ..      |
         Starting System Logging Service...
[    9.699694] cloud-init[649]: +----[SHA256]-----+
         Starting Accounts Service...
         Starting Login Service...
         Starting LSB: automatic crash report generation...
         Starting LXD - container startup/shutdown...
[    9.715478] cloud-init[649]: Generating public/private dsa key pair.
[    9.753701] cloud-init[649]: Your identification has been saved in /etc/ssh/ssh_host_dsa_key.
[    9.764279] cloud-init[649]: Your public key has been saved in /etc/ssh/ssh_host_dsa_key.pub.
[    9.765968] cloud-init[649]: The key fingerprint is:
[    9.767573] cloud-init[649]: SHA256:b/cOSqWrUskKU7s377DqALoERhUfcyFE+q6sRXxtRWg root@ubuntu-bionic
[    9.772581] cloud-init[649]: The key's randomart image is:
[    9.776330] cloud-init[649]: +---[DSA 1024]----+
[    9.779803] cloud-init[649]: |   o+* oo.       |
[    9.783210] cloud-init[649]: |  . o =E.        |
[    9.786757] cloud-init[649]: | . . ..  .       |
[    9.787229] cloud-init[649]: |. . . o .        |
[    9.787950] cloud-init[649]: |...o + =S.  .    |
[    9.790129] cloud-init[649]: |o...= o +. o     |
[    9.796075] cloud-init[649]: |.. ..+ +. = o    |
[    9.797432] cloud-init[649]: |..o ..+ o= + o   |
[    9.808204] cloud-init[649]: |...o .o+o==  .o  |
         [    9.824281] cloud-init[649]: +----[SHA256]-----+
[    9.824557] cloud-init[649]: Generating public/private ecdsa key pair.
[    9.824808] cloud-init[649]: Your identification has been saved in /etc/ssh/ssh_host_ecdsa_key.
[    9.824992] cloud-init[649]: Your public key has been saved in /etc/ssh/ssh_host_ecdsa_key.pub.
[    9.825172] cloud-init[649]: The key fingerprint is:
[    9.825376] cloud-init[649]: SHA256:MFcveu8YS0njlyGl3WR38Iy7hQtu4s+4Fhbh89NIWKY root@ubuntu-bionic
[    9.825550] cloud-init[649]: The key's randomart image is:
[    9.825795] cloud-init[649]: +---[ECDSA 256]---+
[    9.825966] cloud-init[649]: |          .   .  |
[    9.826221] cloud-init[649]: |         ...o  = |
[    9.826426] cloud-init[649]: |      o ...*o + =|
Starting Pollinate to seed the pseudo random number generator...
[[0;32m  OK  [0m] Started FUSE filesystem for LXC.
[[0;32m  OK  [0m] Started Deferred execution scheduler.
[[0;32m  OK  [0m] Started irqbalance daemon.
         Starting LSB: Record successful boot for GRUB...
         Starting Permit User Sessions...
[    9.861330] cloud-init[649]: |       + .E=.+ +.|
[    9.862546] cloud-init[649]: |        S *=+o+ .|
[    9.868109] cloud-init[649]: |         +o*++.+ |
[[    9.886397] cloud-init[649]: |         .*.*.o  |
[    9.886646] cloud-init[649]: |         o.@     |
[    9.886753] cloud-init[649]: |         .*o+    |
[    9.887033] cloud-init[649]: +----[SHA256]-----+
[    9.887134] cloud-init[649]: Generating public/private ed25519 key pair.
[    9.887294] cloud-init[649]: Your identification has been saved in /etc/ssh/ssh_host_ed25519_key.
[    9.887556] cloud-init[649]: Your public key has been saved in /etc/ssh/ssh_host_ed25519_key.pub.
[    9.887660] cloud-init[649]: The key fingerprint is:
[    9.887775] cloud-init[649]: SHA256:p/a/LOCsllqTQSg4k10UnOI9gihIOCiONqzD3Y9NdiM root@ubuntu-bionic
[    9.887876] cloud-init[649]: The key's randomart image is:
[0;32m  OK  [0m] Started Regular background program processing daemon.
[    9.895730] cloud-init[649]: +--[ED25519 256]--+
[    9.898007] cloud-init[649]: |o  o+o           |
[    9.899776] cloud-init[649]: |==..o.           |
         Starting Snap Daemon...
[[0;32m  OK  [0m] Started System Logging Service.
[[0;32m  OK  [0m[    9.918104] cloud-init[649]: |&+oo. .          |
] Started Availability of block devices.
[[0;32m  OK  [0m] Started LXD - container startup/shutdown.
[[0;32m  OK  [0m] Started Permit User Sessions.
[    9.921664] cloud-init[649]: |*Bo.o.           |
[[    9.940727] cloud-init[649]: |= o.... S .      |
[0;32m  OK  [0m] Started Login Service.
[    9.941936] cloud-init[649]: |o. . . E.=       |
         Starting Authorization Manager...
[[0;32m  OK  [0m] Started Unattended Upgrades Shutdown.
[    9.970200] cloud-init[649]: | .    X+=..      |
         Starting Hold until boot process finishes up...
         Starting Terminate Plymouth Boot Screen...
[[0;32m  OK  [0m] Started Hold until boot process finishes up.
[[0;32m  OK  [0m] Started Terminate Plymouth Boot Screen.
[[0;32m  OK  [0m] Started Serial Getty on ttyS0.
         Starting Set console scheme...
[    9.975347] cloud-init[649]: |     oo=o...     |
[   10.085340] cloud-init[649]: |    .o..  .o+.   |
[   10.087001] [[0;32m  OK  [0m] Started Set console scheme.
[[0;32m  OK  [0m] Created slice system-getty.slice.
cloud-init[649]: +----[SHA256]-----+
[[0;32m  OK  [0m] Started Getty on tty1.
[[0;32m  OK  [0m] Reached target Login Prompts.
[[0;32m  OK  [0m] Started LSB: automatic crash report generation.
[[0;32m  OK  [0m] Started LSB: Record successful boot for GRUB.
[[0;32m  OK  [0m] Started Authorization Manager.
[[0;32m  OK  [0m] Started Accounts Service.
[[0;32m  OK  [0m] Started Virtualbox guest utils.
[[0;32m  OK  [0m] Started Dispatcher daemon for systemd-networkd.
[[0;32m  OK  [0m] Started Snap Daemon.
         Starting Wait until snapd is fully seeded...
[[0;32m  OK  [0m] Started Wait until snapd is fully seeded.
         Starting Apply the settings specified in cloud-config...
[   11.906458] cloud-init[980]: Cloud-init v. 20.3-2-g371b392c-0ubuntu1~18.04.1 running 'modules:config' at Wed, 14 Oct 2020 08:39:44 +0000. Up 11.55 seconds.
[[0;32m  OK  [0m] Started Apply the settings specified in cloud-config.

Ubuntu 18.04.5 LTS ubuntu-bionic ttyS0

ubuntu-bionic login: ci-info: no authorized SSH keys fingerprints found for user ubuntu.
<14>Oct 14 08:39:49 ec2: 
<14>Oct 14 08:39:49 ec2: #############################################################
<14>Oct 14 08:39:49 ec2: -----BEGIN SSH HOST KEY FINGERPRINTS-----
<14>Oct 14 08:39:49 ec2: 1024 SHA256:b/cOSqWrUskKU7s377DqALoERhUfcyFE+q6sRXxtRWg root@ubuntu-bionic (DSA)
<14>Oct 14 08:39:49 ec2: 256 SHA256:MFcveu8YS0njlyGl3WR38Iy7hQtu4s+4Fhbh89NIWKY root@ubuntu-bionic (ECDSA)
<14>Oct 14 08:39:49 ec2: 256 SHA256:p/a/LOCsllqTQSg4k10UnOI9gihIOCiONqzD3Y9NdiM root@ubuntu-bionic (ED25519)
<14>Oct 14 08:39:49 ec2: 2048 SHA256:JMuRHvsfCDLS6pykkkmWyA2AWuvnRjycx9Y7HQcoAsI root@ubuntu-bionic (RSA)
<14>Oct 14 08:39:49 ec2: -----END SSH HOST KEY FINGERPRINTS-----
<14>Oct 14 08:39:49 ec2: #############################################################
-----BEGIN SSH HOST KEY KEYS-----
ecdsa-sha2-nistp256 AAAAE2VjZHNhLXNoYTItbmlzdHAyNTYAAAAIbmlzdHAyNTYAAABBBHsRzYQtJX02Lxn4cmaYaCfu9oP4bXYbVdo1o0H+CZ4Cv16g9PxATh8tWAFSVTBw/Aas9dX2KroY7jynB08Uh4A= root@ubuntu-bionic
ssh-ed25519 AAAAC3NzaC1lZDI1NTE5AAAAIP5I536u/7PqZOxAZhHNvmJOFOTko/uQaLe8zSZ4y1Ea root@ubuntu-bionic
ssh-rsa AAAAB3NzaC1yc2EAAAADAQABAAABAQCd7pvCkIHWU3IQ5GDF2gSvdLncZ9O/usPay1l6waklc20MApMnGixM6RyrzpcvpAx1EYdjr693FBjY0nfsfawrnKRWCafQ7s/hVYr23CQjhY4FJqbdBcuG3tdUdaC4Uy2qJgGH9uWYZAXCzT+YNLYBIkKJpu53Tp/Ow9jPua49LkbLiC410icrlYFK7FcZYEMk1ViVNGk1mbM0plj7o5/9Eh1GiE8YbcS/0atZ6OJzZ65KhrATLAK/mTynu77G/2+fwSMPHh7/OjgvIDOj1aBJOO4kQmdUdY9myX/1CBIyOimM7HBGENtQUG9AfU4CfFlEMol/DKboUD0cugZTPNnR root@ubuntu-bionic
-----END SSH HOST KEY KEYS-----
[   16.927558] cloud-init[1076]: Cloud-init v. 20.3-2-g371b392c-0ubuntu1~18.04.1 running 'modules:final' at Wed, 14 Oct 2020 08:39:49 +0000. Up 16.61 seconds.
[   16.927925] cloud-init[1076]: ci-info: no authorized SSH keys fingerprints found for user ubuntu.
[   16.928517] cloud-init[1076]: Cloud-init v. 20.3-2-g371b392c-0ubuntu1~18.04.1 finished at Wed, 14 Oct 2020 08:39:49 +0000. Datasource DataSourceNoCloud [seed=/dev/sdb][dsmode=net].  Up 16.91 seconds
